Determining if the pthread_create exist failed with the following output:
Change Dir: /home/jerin/opengl3/myopen/OpenGL-tutorial_v0014_33/build/CMakeFiles/CMakeTmp

Run Build Command:/usr/bin/make "cmTryCompileExec3154297923/fast"
/usr/bin/make -f CMakeFiles/cmTryCompileExec3154297923.dir/build.make CMakeFiles/cmTryCompileExec3154297923.dir/build
make[1]: Entering directory `/home/jerin/opengl3/myopen/OpenGL-tutorial_v0014_33/build/CMakeFiles/CMakeTmp'
/usr/bin/cmake -E cmake_progress_report /home/jerin/opengl3/myopen/OpenGL-tutorial_v0014_33/build/CMakeFiles/CMakeTmp/CMakeFiles 1
Building C object CMakeFiles/cmTryCompileExec3154297923.dir/CheckSymbolExists.c.o
/usr/bin/cc    -o CMakeFiles/cmTryCompileExec3154297923.dir/CheckSymbolExists.c.o   -c /home/jerin/opengl3/myopen/OpenGL-tutorial_v0014_33/build/CMakeFiles/CMakeTmp/CheckSymbolExists.c
Linking C executable cmTryCompileExec3154297923
/usr/bin/cmake -E cmake_link_script CMakeFiles/cmTryCompileExec3154297923.dir/link.txt --verbose=1
/usr/bin/cc       CMakeFiles/cmTryCompileExec3154297923.dir/CheckSymbolExists.c.o  -o cmTryCompileExec3154297923 -rdynamic 
CMakeFiles/cmTryCompileExec3154297923.dir/CheckSymbolExists.c.o: In function `main':
CheckSymbolExists.c:(.text+0x16): undefined reference to `pthread_create'
collect2: error: ld returned 1 exit status
make[1]: *** [cmTryCompileExec3154297923] Error 1
make[1]: Leaving directory `/home/jerin/opengl3/myopen/OpenGL-tutorial_v0014_33/build/CMakeFiles/CMakeTmp'
make: *** [cmTryCompileExec3154297923/fast] Error 2

File /home/jerin/opengl3/myopen/OpenGL-tutorial_v0014_33/build/CMakeFiles/CMakeTmp/CheckSymbolExists.c:
/* */
#include <pthread.h>

int main(int argc, char** argv)
{
  (void)argv;
#ifndef pthread_create
  return ((int*)(&pthread_create))[argc];
#else
  (void)argc;
  return 0;
#endif
}

Determining if the function pthread_create exists in the pthreads failed with the following output:
Change Dir: /home/jerin/opengl3/myopen/OpenGL-tutorial_v0014_33/build/CMakeFiles/CMakeTmp

Run Build Command:/usr/bin/make "cmTryCompileExec2440944943/fast"
/usr/bin/make -f CMakeFiles/cmTryCompileExec2440944943.dir/build.make CMakeFiles/cmTryCompileExec2440944943.dir/build
make[1]: Entering directory `/home/jerin/opengl3/myopen/OpenGL-tutorial_v0014_33/build/CMakeFiles/CMakeTmp'
/usr/bin/cmake -E cmake_progress_report /home/jerin/opengl3/myopen/OpenGL-tutorial_v0014_33/build/CMakeFiles/CMakeTmp/CMakeFiles 1
Building C object CMakeFiles/cmTryCompileExec2440944943.dir/CheckFunctionExists.c.o
/usr/bin/cc   -DCHECK_FUNCTION_EXISTS=pthread_create   -o CMakeFiles/cmTryCompileExec2440944943.dir/CheckFunctionExists.c.o   -c /usr/share/cmake-2.8/Modules/CheckFunctionExists.c
Linking C executable cmTryCompileExec2440944943
/usr/bin/cmake -E cmake_link_script CMakeFiles/cmTryCompileExec2440944943.dir/link.txt --verbose=1
/usr/bin/cc   -DCHECK_FUNCTION_EXISTS=pthread_create    CMakeFiles/cmTryCompileExec2440944943.dir/CheckFunctionExists.c.o  -o cmTryCompileExec2440944943 -rdynamic -lpthreads 
/usr/bin/ld: cannot find -lpthreads
collect2: error: ld returned 1 exit status
make[1]: *** [cmTryCompileExec2440944943] Error 1
make[1]: Leaving directory `/home/jerin/opengl3/myopen/OpenGL-tutorial_v0014_33/build/CMakeFiles/CMakeTmp'
make: *** [cmTryCompileExec2440944943/fast] Error 2


Determining if the function glXGetProcAddressEXT exists failed with the following output:
Change Dir: /home/jerin/opengl3/myopen/OpenGL-tutorial_v0014_33/build/CMakeFiles/CMakeTmp

Run Build Command:/usr/bin/make "cmTryCompileExec1038488651/fast"
/usr/bin/make -f CMakeFiles/cmTryCompileExec1038488651.dir/build.make CMakeFiles/cmTryCompileExec1038488651.dir/build
make[1]: Entering directory `/home/jerin/opengl3/myopen/OpenGL-tutorial_v0014_33/build/CMakeFiles/CMakeTmp'
/usr/bin/cmake -E cmake_progress_report /home/jerin/opengl3/myopen/OpenGL-tutorial_v0014_33/build/CMakeFiles/CMakeTmp/CMakeFiles 1
Building C object CMakeFiles/cmTryCompileExec1038488651.dir/CheckFunctionExists.c.o
/usr/bin/cc   -DCHECK_FUNCTION_EXISTS=glXGetProcAddressEXT   -o CMakeFiles/cmTryCompileExec1038488651.dir/CheckFunctionExists.c.o   -c /usr/share/cmake-2.8/Modules/CheckFunctionExists.c
Linking C executable cmTryCompileExec1038488651
/usr/bin/cmake -E cmake_link_script CMakeFiles/cmTryCompileExec1038488651.dir/link.txt --verbose=1
/usr/bin/cc   -DCHECK_FUNCTION_EXISTS=glXGetProcAddressEXT    CMakeFiles/cmTryCompileExec1038488651.dir/CheckFunctionExists.c.o  -o cmTryCompileExec1038488651 -rdynamic -lGL 
CMakeFiles/cmTryCompileExec1038488651.dir/CheckFunctionExists.c.o: In function `main':
CheckFunctionExists.c:(.text+0x15): undefined reference to `glXGetProcAddressEXT'
collect2: error: ld returned 1 exit status
make[1]: *** [cmTryCompileExec1038488651] Error 1
make[1]: Leaving directory `/home/jerin/opengl3/myopen/OpenGL-tutorial_v0014_33/build/CMakeFiles/CMakeTmp'
make: *** [cmTryCompileExec1038488651/fast] Error 2


